<?xml version="1.0" encoding="UTF-8"?>
<testsuites name="jest tests" tests="3" failures="0" time="1.82">
  <testsuite name="MwActionApiClient2.fetchRevisionInfo with real axio" errors="0" failures="0" skipped="0" timestamp="2020-12-01T05:41:11" time="1.273" tests="3">
    <testcase classname="MwActionApiClient2.fetchRevisionInfo with real axio should return revision full information when given a valid revId. REMOTE" name="MwActionApiClient2.fetchRevisionInfo with real axio should return revision full information when given a valid revId. REMOTE" time="0.392">
    </testcase>
    <testcase classname="MwActionApiClient2.fetchRevisionInfo with real axio should return null without error if given a revId never exists. REMOTE" name="MwActionApiClient2.fetchRevisionInfo with real axio should return null without error if given a revId never exists. REMOTE" time="0.132">
    </testcase>
    <testcase classname="MwActionApiClient2.fetchRevisionInfo with real axio should return revision full information if given a revId which is DELETED. REMOTE" name="MwActionApiClient2.fetchRevisionInfo with real axio should return revision full information if given a revId which is DELETED. REMOTE" time="0.146">
    </testcase>
  </testsuite>
</testsuites>